  Bones.cpp
c:\users\beekam\3d objects\computaciongraficaavanzada\cgalib\src\bones.cpp(8): fatal error C1083: Cannot open include file: 'Headers/Bones.h': No such file or directory
  Box.cpp
c:\users\beekam\3d objects\computaciongraficaavanzada\cgalib\src\box.cpp(1): fatal error C1083: Cannot open include file: 'Headers/Box.h': No such file or directory
  Cylinder.cpp
c:\users\beekam\3d objects\computaciongraficaavanzada\cgalib\src\cylinder.cpp(1): fatal error C1083: Cannot open include file: 'Headers/Cylinder.h': No such file or directory
  FirstPersonCamera.cpp
c:\users\beekam\3d objects\computaciongraficaavanzada\cgalib\src\firstpersoncamera.cpp(1): fatal error C1083: Cannot open include file: 'Headers/FirstPersonCamera.h': No such file or directory
  FontTypeRendering.cpp
c:\users\beekam\3d objects\computaciongraficaavanzada\cgalib\src\fonttyperendering.cpp(8): fatal error C1083: Cannot open include file: 'Headers/FontTypeRendering.h': No such file or directory
  Mesh.cpp
c:\users\beekam\3d objects\computaciongraficaavanzada\cgalib\src\mesh.cpp(8): fatal error C1083: Cannot open include file: 'Headers/Mesh.h': No such file or directory
  Model.cpp
c:\users\beekam\3d objects\computaciongraficaavanzada\cgalib\src\model.cpp(8): fatal error C1083: Cannot open include file: 'Headers/Model.h': No such file or directory
  Shader.cpp
c:\users\beekam\3d objects\computaciongraficaavanzada\cgalib\src\shader.cpp(1): fatal error C1083: Cannot open include file: 'Headers/Shader.h': No such file or directory
  ShadowBox.cpp
c:\users\beekam\3d objects\computaciongraficaavanzada\cgalib\src\shadowbox.cpp(1): fatal error C1083: Cannot open include file: 'Headers/ShadowBox.h': No such file or directory
  Sphere.cpp
c:\users\beekam\3d objects\computaciongraficaavanzada\cgalib\src\sphere.cpp(1): fatal error C1083: Cannot open include file: 'Headers/Sphere.h': No such file or directory
  Terrain.cpp
c:\users\beekam\3d objects\computaciongraficaavanzada\cgalib\src\terrain.cpp(8): fatal error C1083: Cannot open include file: 'Headers/Terrain.h': No such file or directory
  Texture.cpp
c:\users\beekam\3d objects\computaciongraficaavanzada\cgalib\src\texture.cpp(8): fatal error C1083: Cannot open include file: 'Headers/Texture.h': No such file or directory
  ThirdPersonCamera.cpp
c:\users\beekam\3d objects\computaciongraficaavanzada\cgalib\src\thirdpersoncamera.cpp(1): fatal error C1083: Cannot open include file: 'Headers/ThirdPersonCamera.h': No such file or directory
  TimeManager.cpp
c:\users\beekam\3d objects\computaciongraficaavanzada\cgalib\src\timemanager.cpp(1): fatal error C1083: Cannot open include file: 'Headers/TimeManager.h': No such file or directory
  Generating Code...
